<?xml version="1.0" encoding="UTF-8"?>
<!-- Generated by org.testng.reporters.JUnitReportReporter -->
<testsuite hostname="DESKTOP-O2VAEQR" failures="0" tests="2" name="com.dataprovider.DataProviderIndices" time="0.020" errors="0" timestamp="2024-07-02T21:52:05 IST" skipped="0">
  <testcase classname="com.dataprovider.DataProviderIndices" name="multipleobje" time="0.010"/>
  <testcase classname="com.dataprovider.DataProviderIndices" name="multipleobje" time="0.010"/>
</testsuite> <!-- com.dataprovider.DataProviderIndices -->
