<?xml version="1.0" encoding="UTF-8"?>
<!-- Generated by org.testng.reporters.JUnitReportReporter -->
<testsuite hostname="DESKTOP-O2VAEQR" failures="0" tests="10" name="com.parallel.Class3" time="0.038" errors="0" timestamp="2024-07-03T11:52:44 IST" skipped="0">
  <testcase classname="com.parallel.Class3" name="p11" time="0.002"/>
  <testcase classname="com.parallel.Class3" name="p12" time="0.001"/>
  <testcase classname="com.parallel.Class3" name="p10" time="0.006"/>
  <testcase classname="com.parallel.Class3" name="p9" time="0.003"/>
  <testcase classname="com.parallel.Class3" name="p11" time="0.003"/>
  <testcase classname="com.parallel.Class3" name="p12" time="0.003"/>
  <testcase classname="com.parallel.Class3" name="p13" time="0.001"/>
  <testcase classname="com.parallel.Class3" name="p10" time="0.011"/>
  <testcase classname="com.parallel.Class3" name="p13" time="0.006"/>
  <testcase classname="com.parallel.Class3" name="p9" time="0.002"/>
</testsuite> <!-- com.parallel.Class3 -->
