<?xml version="1.0" encoding="UTF-8"?>
<!-- Generated by org.testng.reporters.JUnitReportReporter -->
<testsuite hostname="DESKTOP-O2VAEQR" failures="0" tests="4" name="com.parallel.Class1" time="0.050" errors="0" timestamp="2024-07-03T11:52:44 IST" skipped="0">
  <testcase classname="com.parallel.Class1" name="p3" time="0.006"/>
  <testcase classname="com.parallel.Class1" name="p2" time="0.020"/>
  <testcase classname="com.parallel.Class1" name="p1" time="0.022"/>
  <testcase classname="com.parallel.Class1" name="p4" time="0.002"/>
</testsuite> <!-- com.parallel.Class1 -->
