<?xml version="1.0" encoding="UTF-8"?>
<!-- Generated by org.testng.reporters.JUnitReportReporter -->
<testsuite hostname="DESKTOP-O2VAEQR" failures="0" tests="4" name="com.demo.NewTest2" time="0.030" errors="0" timestamp="2024-07-01T18:42:47 IST" skipped="0">
  <testcase classname="com.demo.NewTest2" name="Test5" time="0.002"/>
  <testcase classname="com.demo.NewTest2" name="Test6" time="0.007"/>
  <testcase classname="com.demo.NewTest2" name="Test8" time="0.006"/>
  <testcase classname="com.demo.NewTest2" name="Test7" time="0.015"/>
</testsuite> <!-- com.demo.NewTest2 -->
