<?xml version="1.0" encoding="UTF-8"?>
<!-- Generated by org.testng.reporters.JUnitReportReporter -->
<testsuite hostname="DESKTOP-O2VAEQR" failures="0" tests="2" name="com.dataprovider.DataProviderClassEx" time="0.016" errors="0" timestamp="2024-07-02T22:15:56 IST" skipped="0">
  <testcase classname="com.dataprovider.DataProviderClassEx" name="Iterateobje" time="0.012"/>
  <testcase classname="com.dataprovider.DataProviderClassEx" name="Iterateobje" time="0.004"/>
</testsuite> <!-- com.dataprovider.DataProviderClassEx -->
