<?xml version="1.0" encoding="UTF-8"?>
<!-- Generated by org.testng.reporters.JUnitReportReporter -->
<testsuite hostname="DESKTOP-O2VAEQR" failures="0" tests="4" name="com.grouptest.NewTest2" time="0.007" errors="0" timestamp="2024-07-05T13:43:21 IST" skipped="0">
  <testcase classname="com.grouptest.NewTest2" name="Test6" time="0.001"/>
  <testcase classname="com.grouptest.NewTest2" name="Test5" time="0.002"/>
  <testcase classname="com.grouptest.NewTest2" name="Test7" time="0.001"/>
  <testcase classname="com.grouptest.NewTest2" name="Test8" time="0.003"/>
</testsuite> <!-- com.grouptest.NewTest2 -->
