<?xml version="1.0" encoding="UTF-8"?>
<!-- Generated by org.testng.reporters.JUnitReportReporter -->
<testsuite hostname="DESKTOP-O2VAEQR" failures="0" tests="4" name="com.grouptest.NewTest3" time="0.017" errors="0" timestamp="2024-07-05T13:43:21 IST" skipped="0">
  <testcase classname="com.grouptest.NewTest3" name="Test11" time="0.005"/>
  <testcase classname="com.grouptest.NewTest3" name="Test12" time="0.005"/>
  <testcase classname="com.grouptest.NewTest3" name="Test10" time="0.005"/>
  <testcase classname="com.grouptest.NewTest3" name="Test9" time="0.002"/>
</testsuite> <!-- com.grouptest.NewTest3 -->
