<?xml version="1.0" encoding="UTF-8"?>
<!-- Generated by org.testng.reporters.JUnitReportReporter -->
<testsuite hostname="DESKTOP-O2VAEQR" failures="0" tests="6" name="com.dataprovider.DataProviderParallel" time="230.367" errors="0" timestamp="2024-07-03T09:44:50 IST" skipped="0">
  <testcase classname="com.dataprovider.DataProviderParallel" name="testdatalogin" time="36.047"/>
  <testcase classname="com.dataprovider.DataProviderParallel" name="testdatalogin" time="33.499"/>
  <testcase classname="com.dataprovider.DataProviderParallel" name="testdatalogin" time="34.261"/>
  <testcase classname="com.dataprovider.DataProviderParallel" name="testdatalogin" time="49.885"/>
  <testcase classname="com.dataprovider.DataProviderParallel" name="testdatalogin" time="45.697"/>
  <testcase classname="com.dataprovider.DataProviderParallel" name="testdatalogin" time="30.978"/>
</testsuite> <!-- com.dataprovider.DataProviderParallel -->
