<?xml version="1.0" encoding="UTF-8"?>
<!-- Generated by org.testng.reporters.JUnitReportReporter -->
<testsuite hostname="DESKTOP-O2VAEQR" failures="0" tests="7" name="com.testngpractise.OpenCartParameters" time="45.043" errors="0" timestamp="2024-07-01T10:40:47 IST" skipped="0">
  <testcase classname="com.testngpractise.OpenCartParameters" name="StoreFront" time="5.135"/>
  <testcase classname="com.testngpractise.OpenCartParameters" name="LaunchApp" time="7.968"/>
  <testcase classname="com.testngpractise.OpenCartParameters" name="verifylogo" time="5.141"/>
  <testcase classname="com.testngpractise.OpenCartParameters" name="verifylogo" time="5.078"/>
  <testcase classname="com.testngpractise.OpenCartParameters" name="LaunchApp" time="8.251"/>
  <testcase classname="com.testngpractise.OpenCartParameters" name="imageavailable" time="5.088"/>
  <testcase classname="com.testngpractise.OpenCartParameters" name="DemoLogin" time="8.382"/>
</testsuite> <!-- com.testngpractise.OpenCartParameters -->
