<?xml version="1.0" encoding="UTF-8"?>
<!-- Generated by org.testng.reporters.JUnitReportReporter -->
<testsuite hostname="DESKTOP-O2VAEQR" failures="0" tests="1" name="com.testngpractise.SoftAssertions" time="12.245" errors="0" timestamp="2024-06-29T11:17:18 IST" skipped="0">
  <testcase classname="com.testngpractise.SoftAssertions" name="Facebook" time="12.245"/>
</testsuite> <!-- com.testngpractise.SoftAssertions -->
