<?xml version="1.0" encoding="UTF-8"?>
<!-- Generated by org.testng.reporters.JUnitReportReporter -->
<testsuite hostname="DESKTOP-O2VAEQR" failures="0" tests="4" name="com.dataprovider.Objectsinglereturntype" time="0.020" errors="0" timestamp="2024-07-02T18:18:17 IST" skipped="0">
  <testcase classname="com.dataprovider.Objectsinglereturntype" name="sinleobj" time="0.004"/>
  <testcase classname="com.dataprovider.Objectsinglereturntype" name="sinleobj" time="0.002"/>
  <testcase classname="com.dataprovider.Objectsinglereturntype" name="sinleobj" time="0.003"/>
  <testcase classname="com.dataprovider.Objectsinglereturntype" name="sinleobj" time="0.011"/>
</testsuite> <!-- com.dataprovider.Objectsinglereturntype -->
