<?xml version="1.0" encoding="UTF-8"?>
<!-- Generated by org.testng.reporters.JUnitReportReporter -->
<testsuite hostname="DESKTOP-O2VAEQR" failures="0" tests="1" name="com.testngpractise.Test1" time="0.026" errors="0" timestamp="2024-06-28T12:22:22 IST" skipped="0">
  <testcase classname="com.testngpractise.Test1" name="practise" time="0.026"/>
</testsuite> <!-- com.testngpractise.Test1 -->
