<?xml version="1.0" encoding="UTF-8"?>
<!-- Generated by org.testng.reporters.JUnitReportReporter -->
<testsuite hostname="DESKTOP-O2VAEQR" failures="0" tests="3" name="com.dataprovider.Objecttwodimensional" time="0.027" errors="0" timestamp="2024-07-02T18:36:14 IST" skipped="0">
  <testcase classname="com.dataprovider.Objecttwodimensional" name="multipleobj" time="0.004"/>
  <testcase classname="com.dataprovider.Objecttwodimensional" name="multipleobj" time="0.004"/>
  <testcase classname="com.dataprovider.Objecttwodimensional" name="multipleobj" time="0.019"/>
</testsuite> <!-- com.dataprovider.Objecttwodimensional -->
