<?xml version="1.0" encoding="UTF-8"?>
<!-- Generated by org.testng.reporters.JUnitReportReporter -->
<testsuite hostname="DESKTOP-O2VAEQR" failures="0" tests="2" name="com.testngpractise.Annotations" time="0.020" errors="0" timestamp="2024-07-02T15:51:11 IST" skipped="0">
  <testcase classname="com.testngpractise.Annotations" name="testmethod2" time="0.011"/>
  <testcase classname="com.testngpractise.Annotations" name="testmethod1" time="0.009"/>
</testsuite> <!-- com.testngpractise.Annotations -->
