<?xml version="1.0" encoding="UTF-8"?>
<!-- Generated by org.testng.reporters.JUnitReportReporter -->
<testsuite hostname="DESKTOP-O2VAEQR" failures="0" tests="4" name="com.testngpractise.OrangeHRM" time="35.481" errors="0" timestamp="2024-06-29T18:56:33 IST" skipped="0">
  <testcase classname="com.testngpractise.OrangeHRM" name="LaunchApp" time="12.862"/>
  <testcase classname="com.testngpractise.OrangeHRM" name="EnterLoginDetails" time="6.706"/>
  <testcase classname="com.testngpractise.OrangeHRM" name="MyInfo" time="6.658"/>
  <testcase classname="com.testngpractise.OrangeHRM" name="VerifyMyinfo" time="9.255"/>
</testsuite> <!-- com.testngpractise.OrangeHRM -->
