<?xml version="1.0" encoding="UTF-8"?>
<!-- Generated by org.testng.reporters.JUnitReportReporter -->
<testsuite hostname="DESKTOP-O2VAEQR" failures="0" tests="4" name="com.grouptest.NewTest" time="0.032" errors="0" timestamp="2024-07-05T13:45:21 IST" skipped="0">
  <testcase classname="com.grouptest.NewTest" name="Test3" time="0.002"/>
  <testcase classname="com.grouptest.NewTest" name="Test4" time="0.004"/>
  <testcase classname="com.grouptest.NewTest" name="Test2" time="0.004"/>
  <testcase classname="com.grouptest.NewTest" name="Test1" time="0.022"/>
</testsuite> <!-- com.grouptest.NewTest -->
