<?xml version="1.0" encoding="UTF-8"?>
<!-- Generated by org.testng.reporters.JUnitReportReporter -->
<testsuite hostname="DESKTOP-O2VAEQR" failures="0" tests="2" name="com.dataprovider.Iteratorobject" time="0.013" errors="0" timestamp="2024-07-02T18:58:53 IST" skipped="0">
  <testcase classname="com.dataprovider.Iteratorobject" name="Iterateobje" time="0.010"/>
  <testcase classname="com.dataprovider.Iteratorobject" name="Iterateobje" time="0.003"/>
</testsuite> <!-- com.dataprovider.Iteratorobject -->
