<?xml version="1.0" encoding="UTF-8"?>
<!-- Generated by org.testng.reporters.JUnitReportReporter -->
<testsuite hostname="DESKTOP-O2VAEQR" failures="0" tests="2" name="com.testngpractise.OrangeHRMAnnotations" time="12.630" errors="0" timestamp="2024-07-01T10:53:11 IST" skipped="0">
  <testcase classname="com.testngpractise.OrangeHRMAnnotations" name="EnterLoginDetails" time="5.323"/>
  <testcase classname="com.testngpractise.OrangeHRMAnnotations" name="LaunchApp" time="7.307"/>
</testsuite> <!-- com.testngpractise.OrangeHRMAnnotations -->
