<?xml version="1.0" encoding="UTF-8"?>
<!-- Generated by org.testng.reporters.JUnitReportReporter -->
<testsuite hostname="DESKTOP-O2VAEQR" failures="0" tests="8" name="com.parallel.Class2" time="0.143" errors="0" timestamp="2024-07-03T11:52:44 IST" skipped="0">
  <testcase classname="com.parallel.Class2" name="p5" time="0.004"/>
  <testcase classname="com.parallel.Class2" name="p8" time="0.037"/>
  <testcase classname="com.parallel.Class2" name="p7" time="0.009"/>
  <testcase classname="com.parallel.Class2" name="p6" time="0.065"/>
  <testcase classname="com.parallel.Class2" name="p8" time="0.015"/>
  <testcase classname="com.parallel.Class2" name="p6" time="0.002"/>
  <testcase classname="com.parallel.Class2" name="p7" time="0.001"/>
  <testcase classname="com.parallel.Class2" name="p5" time="0.010"/>
</testsuite> <!-- com.parallel.Class2 -->
