<?xml version="1.0" encoding="UTF-8"?>
<!-- Generated by org.testng.reporters.JUnitReportReporter -->
<testsuite hostname="DESKTOP-O2VAEQR" failures="0" tests="5" name="com.testngpractise.InvocationCountTimeOutSize" time="164.471" errors="0" timestamp="2024-07-03T15:07:29 IST" skipped="0">
  <testcase classname="com.testngpractise.InvocationCountTimeOutSize" name="invoc" time="25.176"/>
  <testcase classname="com.testngpractise.InvocationCountTimeOutSize" name="invoc" time="27.145"/>
  <testcase classname="com.testngpractise.InvocationCountTimeOutSize" name="invoc" time="22.229"/>
  <testcase classname="com.testngpractise.InvocationCountTimeOutSize" name="invoc" time="55.615"/>
  <testcase classname="com.testngpractise.InvocationCountTimeOutSize" name="invoc" time="34.306"/>
</testsuite> <!-- com.testngpractise.InvocationCountTimeOutSize -->
