<?xml version="1.0" encoding="UTF-8"?>
<!-- Generated by org.testng.reporters.JUnitReportReporter -->
<testsuite hostname="DESKTOP-O2VAEQR" failures="0" tests="1" name="com.testngpractise.ExpectedException" time="20.860" errors="0" timestamp="2024-07-03T10:27:27 IST" skipped="0">
  <testcase classname="com.testngpractise.ExpectedException" name="methodtime" time="20.860"/>
</testsuite> <!-- com.testngpractise.ExpectedException -->
