<?xml version="1.0" encoding="UTF-8"?>
<!-- Generated by org.testng.reporters.JUnitReportReporter -->
<testsuite hostname="DESKTOP-O2VAEQR" failures="0" tests="4" name="com.demo.NewTest" time="0.029" errors="0" timestamp="2024-07-01T18:45:20 IST" skipped="2">
  <testcase classname="com.demo.NewTest" name="Test4" time="0.011"/>
  <testcase classname="com.demo.NewTest" name="Test1" time="0.018"/>
  <testcase classname="com.demo.NewTest" name="Test3">
    <skipped/>
  </testcase> <!-- Test3 -->
  <testcase classname="com.demo.NewTest" name="Test2">
    <skipped/>
  </testcase> <!-- Test2 -->
</testsuite> <!-- com.demo.NewTest -->
