<?xml version="1.0" encoding="UTF-8"?>
<!-- Generated by org.testng.reporters.JUnitReportReporter -->
<testsuite hostname="DESKTOP-O2VAEQR" failures="0" tests="3" name="com.dataprovider.Objectjaggedarrayreturntype" time="0.018" errors="0" timestamp="2024-07-02T18:40:38 IST" skipped="0">
  <testcase classname="com.dataprovider.Objectjaggedarrayreturntype" name="multipleobj" time="0.004"/>
  <testcase classname="com.dataprovider.Objectjaggedarrayreturntype" name="multipleobj" time="0.005"/>
  <testcase classname="com.dataprovider.Objectjaggedarrayreturntype" name="multipleobj" time="0.009"/>
</testsuite> <!-- com.dataprovider.Objectjaggedarrayreturntype -->
