<?xml version="1.0" encoding="UTF-8"?>
<!-- Generated by org.testng.reporters.JUnitReportReporter -->
<testsuite hostname="DESKTOP-O2VAEQR" failures="0" tests="2" name="com.dataprovider.Iteratorobjectarray" time="0.019" errors="0" timestamp="2024-07-02T19:02:06 IST" skipped="0">
  <testcase classname="com.dataprovider.Iteratorobjectarray" name="Iterateobje" time="0.012"/>
  <testcase classname="com.dataprovider.Iteratorobjectarray" name="Iterateobje" time="0.007"/>
</testsuite> <!-- com.dataprovider.Iteratorobjectarray -->
