<?xml version="1.0" encoding="UTF-8"?>
<!-- Generated by org.testng.reporters.JUnitReportReporter -->
<testsuite hostname="DESKTOP-O2VAEQR" failures="0" tests="2" name="com.dataprovider.Iteratorobjectarray1" time="0.017" errors="0" timestamp="2024-07-02T19:05:31 IST" skipped="0">
  <testcase classname="com.dataprovider.Iteratorobjectarray1" name="Iterateobje" time="0.014"/>
  <testcase classname="com.dataprovider.Iteratorobjectarray1" name="Iterateobje" time="0.003"/>
</testsuite> <!-- com.dataprovider.Iteratorobjectarray1 -->
