<?xml version="1.0" encoding="UTF-8"?>
<!-- Generated by org.testng.reporters.JUnitReportReporter -->
<testsuite hostname="DESKTOP-O2VAEQR" failures="0" tests="4" name="com.parallel.Class4" time="0.035" errors="0" timestamp="2024-07-03T11:43:25 IST" skipped="0">
  <testcase classname="com.parallel.Class4" name="p14" time="0.019"/>
  <testcase classname="com.parallel.Class4" name="p15" time="0.005"/>
  <testcase classname="com.parallel.Class4" name="p17" time="0.005"/>
  <testcase classname="com.parallel.Class4" name="p16" time="0.006"/>
</testsuite> <!-- com.parallel.Class4 -->
