<?xml version="1.0" encoding="UTF-8"?>
<!-- Generated by org.testng.reporters.JUnitReportReporter -->
<testsuite hostname="DESKTOP-O2VAEQR" failures="0" tests="2" name="com.dataprovider.DataProviderEx" time="57.032" errors="0" timestamp="2024-07-02T17:37:26 IST" skipped="0">
  <testcase classname="com.dataprovider.DataProviderEx" name="testdatalogin" time="25.900"/>
  <testcase classname="com.dataprovider.DataProviderEx" name="testdatalogin" time="31.132"/>
</testsuite> <!-- com.dataprovider.DataProviderEx -->
