<?xml version="1.0" encoding="UTF-8"?>
<!-- Generated by org.testng.reporters.JUnitReportReporter -->
<testsuite hostname="DESKTOP-O2VAEQR" failures="0" tests="3" name="com.dataprovider.Objectmultidimensionalobjectreturn" time="0.026" errors="0" timestamp="2024-07-02T18:44:01 IST" skipped="0">
  <testcase classname="com.dataprovider.Objectmultidimensionalobjectreturn" name="multipleobje" time="0.013"/>
  <testcase classname="com.dataprovider.Objectmultidimensionalobjectreturn" name="multipleobje" time="0.007"/>
  <testcase classname="com.dataprovider.Objectmultidimensionalobjectreturn" name="multipleobje" time="0.006"/>
</testsuite> <!-- com.dataprovider.Objectmultidimensionalobjectreturn -->
