<?xml version="1.0" encoding="UTF-8"?>
<!-- Generated by org.testng.reporters.JUnitReportReporter -->
<testsuite hostname="DESKTOP-O2VAEQR" failures="0" tests="1" name="com.testngpractise.Test" time="0.016" errors="0" timestamp="2024-06-28T12:02:51 IST" skipped="0">
  <testcase classname="com.testngpractise.Test" name="practise" time="0.016"/>
</testsuite> <!-- com.testngpractise.Test -->
