<?xml version="1.0" encoding="UTF-8"?>
<!-- Generated by org.testng.reporters.JUnitReportReporter -->
<testsuite hostname="DESKTOP-O2VAEQR" failures="0" tests="6" name="com.testngpractise.PriorityFlightBooking" time="0.039" errors="0" timestamp="2024-07-01T12:03:59 IST" skipped="0">
  <testcase classname="com.testngpractise.PriorityFlightBooking" name="SignUp" time="0.014"/>
  <testcase classname="com.testngpractise.PriorityFlightBooking" name="Login" time="0.003"/>
  <testcase classname="com.testngpractise.PriorityFlightBooking" name="SearchFortheFlight" time="0.004"/>
  <testcase classname="com.testngpractise.PriorityFlightBooking" name="BooktheFlight" time="0.003"/>
  <testcase classname="com.testngpractise.PriorityFlightBooking" name="SaveTicket" time="0.012"/>
  <testcase classname="com.testngpractise.PriorityFlightBooking" name="Logout" time="0.003"/>
</testsuite> <!-- com.testngpractise.PriorityFlightBooking -->
