<?xml version="1.0" encoding="UTF-8"?>
<!-- Generated by org.testng.reporters.JUnitReportReporter -->
<testsuite hostname="DESKTOP-O2VAEQR" failures="0" tests="2" name="com.testngpractise.FirstTestNG" time="39.550" errors="0" timestamp="2024-07-01T10:53:11 IST" skipped="0">
  <testcase classname="com.testngpractise.FirstTestNG" name="Facebook" time="26.531"/>
  <testcase classname="com.testngpractise.FirstTestNG" name="google" time="13.019"/>
</testsuite> <!-- com.testngpractise.FirstTestNG -->
